Log file open, 05/12/18 00:53:14
LogInit:Display: Running engine for game: TheVirtualRoom
LogInit:Display: Project file not found: ../../../TheVirtualRoom/TheVirtualRoom.uproject
LogInit:Display: 	Attempting to find via project info helper.
LogUProjectInfo: Found projects:
LogPlatformFile: Not using cached read wrapper
LogInit:Display: RandInit(830814553) SRandInit(830814553).
LogTaskGraph: Started task graph with 5 named threads and 9 total threads with 1 sets of task threads.
LogStats: Stats thread started at 0.676646
LogPluginManager: Loaded Plugin SlateRemote, From D:/SecretStash/TheVirtualRoom/WindowsNoEditor/Engine/Plugins/Slate/SlateRemote/SlateRemote.uplugin
LogPluginManager: Loaded Plugin WindowsMoviePlayer, From D:/SecretStash/TheVirtualRoom/WindowsNoEditor/Engine/Plugins/Runtime/WindowsMoviePlayer/WindowsMoviePlayer.uplugin
LogPluginManager: Loaded Plugin WebBrowserWidget, From D:/SecretStash/TheVirtualRoom/WindowsNoEditor/Engine/Plugins/Runtime/WebBrowserWidget/WebBrowserWidget.uplugin
LogPluginManager: Loaded Plugin SteamVR, From D:/SecretStash/TheVirtualRoom/WindowsNoEditor/Engine/Plugins/Runtime/Steam/SteamVR/SteamVR.uplugin
LogPluginManager: Loaded Plugin ProceduralMeshComponent, From D:/SecretStash/TheVirtualRoom/WindowsNoEditor/Engine/Plugins/Runtime/ProceduralMeshComponent/ProceduralMeshComponent.uplugin
LogPluginManager: Loaded Plugin OculusRift, From D:/SecretStash/TheVirtualRoom/WindowsNoEditor/Engine/Plugins/Runtime/OculusRift/OculusRift.uplugin
LogPluginManager: Loaded Plugin OculusLibrary, From D:/SecretStash/TheVirtualRoom/WindowsNoEditor/Engine/Plugins/Runtime/OculusLibrary/OculusLibrary.uplugin
LogPluginManager: Loaded Plugin OculusInput, From D:/SecretStash/TheVirtualRoom/WindowsNoEditor/Engine/Plugins/Runtime/OculusInput/OculusInput.uplugin
LogPluginManager: Loaded Plugin MobilePatchingUtils, From D:/SecretStash/TheVirtualRoom/WindowsNoEditor/Engine/Plugins/Runtime/MobilePatchingUtils/MobilePatchingUtils.uplugin
LogPluginManager: Loaded Plugin ExampleDeviceProfileSelector, From D:/SecretStash/TheVirtualRoom/WindowsNoEditor/Engine/Plugins/Runtime/ExampleDeviceProfileSelector/ExampleDeviceProfileSelector.uplugin
LogPluginManager: Loaded Plugin CustomMeshComponent, From D:/SecretStash/TheVirtualRoom/WindowsNoEditor/Engine/Plugins/Runtime/CustomMeshComponent/CustomMeshComponent.uplugin
LogPluginManager: Loaded Plugin CableComponent, From D:/SecretStash/TheVirtualRoom/WindowsNoEditor/Engine/Plugins/Runtime/CableComponent/CableComponent.uplugin
LogPluginManager: Loaded Plugin ArchVisCharacter, From D:/SecretStash/TheVirtualRoom/WindowsNoEditor/Engine/Plugins/Runtime/ArchVisCharacter/ArchVisCharacter.uplugin
LogPluginManager: Loaded Plugin OnlineSubsystemUtils, From D:/SecretStash/TheVirtualRoom/WindowsNoEditor/Engine/Plugins/Online/OnlineSubsystemUtils/OnlineSubsystemUtils.uplugin
LogPluginManager: Loaded Plugin OnlineSubsystemNull, From D:/SecretStash/TheVirtualRoom/WindowsNoEditor/Engine/Plugins/Online/OnlineSubsystemNull/OnlineSubsystemNull.uplugin
LogPluginManager: Loaded Plugin OnlineSubsystem, From D:/SecretStash/TheVirtualRoom/WindowsNoEditor/Engine/Plugins/Online/OnlineSubsystem/OnlineSubsystem.uplugin
LogPluginManager: Loaded Plugin UdpMessaging, From D:/SecretStash/TheVirtualRoom/WindowsNoEditor/Engine/Plugins/Messaging/UdpMessaging/UdpMessaging.uplugin
LogPluginManager: Loaded Plugin TcpMessaging, From D:/SecretStash/TheVirtualRoom/WindowsNoEditor/Engine/Plugins/Messaging/TcpMessaging/TcpMessaging.uplugin
LogPluginManager: Loaded Plugin WmfMedia, From D:/SecretStash/TheVirtualRoom/WindowsNoEditor/Engine/Plugins/Media/WmfMedia/WmfMedia.uplugin
LogPluginManager: Loaded Plugin AvfMedia, From D:/SecretStash/TheVirtualRoom/WindowsNoEditor/Engine/Plugins/Media/AvfMedia/AvfMedia.uplugin
LogPluginManager: Loaded Plugin AndroidMedia, From D:/SecretStash/TheVirtualRoom/WindowsNoEditor/Engine/Plugins/Media/AndroidMedia/AndroidMedia.uplugin
LogPluginManager: Loaded Plugin HTML5Networking, From D:/SecretStash/TheVirtualRoom/WindowsNoEditor/Engine/Plugins/Experimental/HTML5Networking/HTML5Networking.uplugin
LogPluginManager: Loaded Plugin CharacterAI, From D:/SecretStash/TheVirtualRoom/WindowsNoEditor/Engine/Plugins/Experimental/CharacterAI/CharacterAI.uplugin
LogPluginManager: Loaded Plugin LightPropagationVolume, From D:/SecretStash/TheVirtualRoom/WindowsNoEditor/Engine/Plugins/Blendables/LightPropagationVolume/LightPropagationVolume.uplugin
LogPluginManager: Loaded Plugin Paper2D, From D:/SecretStash/TheVirtualRoom/WindowsNoEditor/Engine/Plugins/2D/Paper2D/Paper2D.uplugin
LogModuleManager:Warning: ModuleManager: Module 'XMPP' not found - its StaticallyLinkedModuleInitializers function is null.
LogInit: Using libcurl 7.47.1
LogInit:  - built for x86_64-pc-win32
LogInit:  - supports SSL with OpenSSL/1.0.2g
LogInit:  - supports HTTP deflate (compression) using libz 1.2.8
LogInit:  - other features:
LogInit:      CURL_VERSION_SSL
LogInit:      CURL_VERSION_LIBZ
LogInit:      CURL_VERSION_IPV6
LogInit:      CURL_VERSION_ASYNCHDNS
LogInit:      CURL_VERSION_LARGEFILE
LogInit:      CURL_VERSION_IDN
LogInit:  CurlRequestOptions (configurable via config and command line):
LogInit:  - bVerifyPeer = false  - Libcurl will NOT verify peer certificate
LogInit:  - bUseHttpProxy = false  - Libcurl will NOT use HTTP proxy
LogInit:  - bDontReuseConnections = false  - Libcurl will reuse connections
LogInit:  - CertBundlePath = nullptr  - Libcurl will use whatever was configured at build time.
LogInit: Build: ++UE4+Release-4.14-CL-3249277
LogInit: Engine Version: 4.14.3-3249277+++UE4+Release-4.14
LogInit: Compatible Engine Version: 4.14.0-3195953+++UE4+Release-4.14
LogInit: Net CL: 3195953
LogDevObjectVersion: Number of dev versions registered: 13
LogDevObjectVersion:   Dev-Blueprints (B0D832E4-1F89-4F0D-ACCF-7EB736FD4AA2): 7
LogDevObjectVersion:   Dev-Build (E1C64328-A22C-4D53-A36C-8E866417BD8C): 0
LogDevObjectVersion:   Dev-Core (375EC13C-06E4-48FB-B500-84F0262A717E): 1
LogDevObjectVersion:   Dev-Editor (E4B068ED-F494-42E9-A231-DA0B2E46BB41): 8
LogDevObjectVersion:   Dev-Framework (CFFC743F-43B0-4480-9391-14DF171D2073): 17
LogDevObjectVersion:   Dev-Mobile (B02B49B5-BB20-44E9-A304-32B752E40360): 0
LogDevObjectVersion:   Dev-Networking (A4E4105C-59A1-49B5-A7C5-40C4547EDFEE): 0
LogDevObjectVersion:   Dev-Online (39C831C9-5AE6-47DC-9A44-9C173E1C8E7C): 0
LogDevObjectVersion:   Dev-Physics (78F01B33-EBEA-4F98-B9B4-84EACCB95AA2): 0
LogDevObjectVersion:   Dev-Platform (6631380F-2D4D-43E0-8009-CF276956A95A): 0
LogDevObjectVersion:   Dev-Rendering (12F88B9F-8875-4AFC-A67C-D90C383ABD29): 12
LogDevObjectVersion:   Dev-Sequencer (7B5AE74C-D270-4C10-A958-57980B212A5A): 1
LogDevObjectVersion:   Dev-VR (D7296918-1DD6-4BDD-9DE2-64A83CC13884): 0
LogInit: Compiled (64-bit): Jan  6 2017 10:46:09
LogInit: Compiled with Visual C++: 19.00.23026.00
LogInit: Build Configuration: Development
LogInit: Branch Name: ++UE4+Release-4.14
LogInit: Command line: 
LogInit: Base directory: D:/SecretStash/TheVirtualRoom/WindowsNoEditor/TheVirtualRoom/Binaries/Win64/
LogInit: Installed Engine Build: 0
LogInit: Presizing for max 2097152 objects, including 0 objects not considered by GC, pre-allocating 0 bytes for permanent pool.
LogInit: Object subsystem initialized
[2018.05.11-22.53.14:737][  0]LogInit: Selected Device Profile: [WindowsNoEditor]
[2018.05.11-22.53.14:737][  0]LogInit: Applying CVar settings loaded from the selected device profile: [WindowsNoEditor]
[2018.05.11-22.53.14:740][  0]LogInit: Computer: NTNU05952
[2018.05.11-22.53.14:740][  0]LogInit: User: dragvoll
[2018.05.11-22.53.14:740][  0]LogInit: CPU Page size=65536, Cores=6
[2018.05.11-22.53.14:740][  0]LogInit: High frequency timer resolution =3.609378 MHz
[2018.05.11-22.53.14:740][  0]LogMemory: Memory total: Physical=31.9GB (32GB approx)
[2018.05.11-22.53.14:740][  0]LogMemory: Platform Memory Stats for WindowsNoEditor
[2018.05.11-22.53.14:740][  0]LogMemory: Process Physical Memory: 88.34 MB used, 88.34 MB peak
[2018.05.11-22.53.14:740][  0]LogMemory: Process Virtual Memory: 101.60 MB used, 101.60 MB peak
[2018.05.11-22.53.14:740][  0]LogMemory: Physical Memory: 12207.72 MB used,  20484.75 MB free, 32692.46 MB total
[2018.05.11-22.53.14:740][  0]LogMemory: Virtual Memory: 369.06 MB used,  20484.75 MB free, 134217728.00 MB total
[2018.05.11-22.53.14:838][  0]LogTextLocalizationManager: No specific translations for ('en-US') exist, so ('en') translations will be used.
[2018.05.11-22.53.14:876][  0]LogD3D11RHI: D3D11 adapters:
[2018.05.11-22.53.14:906][  0]LogD3D11RHI:    0. 'NVIDIA GeForce GTX 1070 Ti' (Feature Level 11_0)
[2018.05.11-22.53.14:906][  0]LogD3D11RHI:       8080/0/16346 MB DedicatedVideo/DedicatedSystem/SharedSystem, Outputs:1, VendorId:0x10de
[2018.05.11-22.53.14:907][  0]LogD3D11RHI:    1. 'Microsoft Basic Render Driver' (Feature Level 11_0)
[2018.05.11-22.53.14:907][  0]LogD3D11RHI:       0/0/16346 MB DedicatedVideo/DedicatedSystem/SharedSystem, Outputs:0, VendorId:0x1414
[2018.05.11-22.53.14:907][  0]LogD3D11RHI: Chosen D3D11 Adapter: 0
[2018.05.11-22.53.14:912][  0]LogD3D11RHI: Creating new Direct3DDevice
[2018.05.11-22.53.14:913][  0]LogD3D11RHI:     GPU DeviceId: 0x1b82 (for the marketing name, search the web for "GPU Device Id")
[2018.05.11-22.53.14:913][  0]LogWindows: EnumDisplayDevices:
[2018.05.11-22.53.14:913][  0]LogWindows:    0. 'NVIDIA GeForce GTX 1070 Ti' (P:1 D:1)
[2018.05.11-22.53.14:913][  0]LogWindows:    1. 'NVIDIA GeForce GTX 1070 Ti' (P:0 D:0)
[2018.05.11-22.53.14:913][  0]LogWindows:    2. 'NVIDIA GeForce GTX 1070 Ti' (P:0 D:0)
[2018.05.11-22.53.14:913][  0]LogWindows:    3. 'NVIDIA GeForce GTX 1070 Ti' (P:0 D:0)
[2018.05.11-22.53.14:913][  0]LogWindows: DebugString: GetVideoDriverDetailsInvalid PrimaryIsNotTheChoosenAdapter GetVideoDriverDetailsInvalid PrimaryIsNotTheChoosenAdapter GetVideoDriverDetailsInvalid PrimaryIsNotTheChoosenAdapter GetVideoDriverDetailsInvalid PrimaryIsNotTheChoosenAdapter FoundDriverCount:0 
[2018.05.11-22.53.14:913][  0]LogD3D11RHI:     Adapter Name: NVIDIA GeForce GTX 1070 Ti
[2018.05.11-22.53.14:913][  0]LogD3D11RHI:   Driver Version: Unknown (internal:Unknown, unified:Unknown)
[2018.05.11-22.53.14:913][  0]LogD3D11RHI:      Driver Date: Unknown
[2018.05.11-22.53.14:913][  0]LogRHI: Texture pool is 1361 MB (70% of 1945 MB)
[2018.05.11-22.53.14:933][  0]LogD3D11RHI: Async texture creation enabled
[2018.05.11-22.53.14:993][  0]LogD3D11RHI: GPU Timing Frequency: 1000.000000 (Debug: 2 2)
[2018.05.11-22.53.15:051][  0]LogAssetRegistry: FAssetRegistry took 0.0036 seconds to start up
[2018.05.11-22.53.15:053][  0]LogPackageLocalizationCache: Processed 3 localized package path(s) for 2 prioritized culture(s) in 0.002008 seconds
[2018.05.11-22.53.15:057][  0]LogContentStreaming: Texture pool size is 1000.00 MB
[2018.05.11-22.53.15:057][  0]LogInit: Selected Device Profile: [WindowsNoEditor]
[2018.05.11-22.53.15:073][  0]LogBlueprintUserMessages:Warning: DEBUG: LocalNotification DefaultPlatformService NOT FOUND
[2018.05.11-22.53.15:082][  0]LogNetVersion: GetLocalNetworkVersion: CL: 3195953, ProjectName: thevirtualroom, ProjectVersion: , EngineNetworkVersion: 2, GameNetworkVersion: 0, NetworkChecksum: 2637736802
[2018.05.11-22.53.15:102][  0]LogInit: WinSock: version 1.1 (2.2), MaxSocks=32767, MaxUdp=65467
[2018.05.11-22.53.15:112][  0]LogSlate: Using Freetype 2.6.0
[2018.05.11-22.53.15:113][  0]LogSlate: SlateFontCache - WITH_FREETYPE: 1, WITH_HARFBUZZ: 1
[2018.05.11-22.53.15:113][  0]LogSlate: SlateFontCache - WITH_FREETYPE: 1, WITH_HARFBUZZ: 1
[2018.05.11-22.53.15:136][  0]LogMoviePlayer: Initializing movie player
[2018.05.11-22.53.15:160][  0]LogWindowsMoviePlayer: Unable to load movie: ../../../TheVirtualRoom/Content/Movies/Default_Startup.mp4
[2018.05.11-22.53.15:209][  0]LogUObjectArray: 29421 objects as part of root set at end of initial load.
[2018.05.11-22.53.15:209][  0]LogUObjectAllocator: 5822128 out of 0 bytes used by permanent object pool.
[2018.05.11-22.53.15:209][  0]LogUObjectArray: CloseDisregardForGC: 0/0 objects in disregard for GC pool
[2018.05.11-22.53.15:219][  0]LogEngine: Initializing Engine...
[2018.05.11-22.53.18:259][  0]LogHMD: SteamVR initialized.  Driver: lighthouse  Display: LHR-58539606
[2018.05.11-22.53.18:307][  0]LogInit: XAudio2 using 'Speakers (2- USB Audio Device)' : 2 channels at 48 kHz using 16 bits per sample (channel mask 0x3)
[2018.05.11-22.53.18:314][  0]LogInit: FAudioDevice initialized.
[2018.05.11-22.53.18:325][  0]LogInit: Texture streaming: Enabled
[2018.05.11-22.53.18:326][  0]LogConsoleManager:Warning: Setting the console variable 'r.VSync' with 'SetByGameSetting' was ignored as it is lower priority than the previous 'SetByCode'
[2018.05.11-22.53.18:328][  0]LogInit:Display: Game Engine Initialized.
[2018.05.11-22.53.18:329][  0]LogInit:Display: Starting Game.
[2018.05.11-22.53.18:329][  0]LogNet: Browse: /Game/VirtualRealityBP/Maps/MotionControllerMap?Name=Player
[2018.05.11-22.53.18:329][  0]LogLoad: LoadMap: /Game/VirtualRealityBP/Maps/MotionControllerMap?Name=Player
[2018.05.11-22.53.18:339][  0]LogMemory: Platform Memory Stats for WindowsNoEditor
[2018.05.11-22.53.18:339][  0]LogMemory: Process Physical Memory: 194.86 MB used, 209.94 MB peak
[2018.05.11-22.53.18:339][  0]LogMemory: Process Virtual Memory: 267.01 MB used, 282.45 MB peak
[2018.05.11-22.53.18:339][  0]LogMemory: Physical Memory: 12212.31 MB used,  20480.16 MB free, 32692.46 MB total
[2018.05.11-22.53.18:339][  0]LogMemory: Virtual Memory: 760.67 MB used,  20480.16 MB free, 134217728.00 MB total
[2018.05.11-22.53.18:339][  0]LogMemory: 
[2018.05.11-22.53.18:339][  0]Allocator Stats for binned2: (not implemented)
[2018.05.11-22.53.18:407][  0]LogAIModule: Creating AISystem for world MotionControllerMap
[2018.05.11-22.53.18:408][  0]LogUObjectGlobals:Warning: Failed to find object 'Class None.'
[2018.05.11-22.53.18:408][  0]LogLoad: Game class is 'GameModeBase'
[2018.05.11-22.53.18:413][  0]LogWorld: Bringing World /Game/VirtualRealityBP/Maps/MotionControllerMap.MotionControllerMap up for play (max tick rate 0) at 2018.05.12-00.53.18
[2018.05.11-22.53.18:414][  0]LogWorld: Bringing up level for play took: 0.005948
[2018.05.11-22.53.18:415][  0]LogGameMode: Warning - PATHS NOT DEFINED or NO PLAYERSTART with positive rating
[2018.05.11-22.53.18:430][  0]LogLoad: Took 0.102128 seconds to LoadMap(/Game/VirtualRealityBP/Maps/MotionControllerMap)
[2018.05.11-22.53.18:631][  0]LogLoad: (Engine Initialization) Total time: 4.70 seconds
[2018.05.11-22.53.18:631][  0]LogExternalProfiler: No external profilers were discovered.  External profiling features will not be available.
[2018.05.11-22.53.18:648][  0]LogOcInput: OculusInput pre-init called
[2018.05.11-22.53.18:688][  0]LogRenderer: Reallocating scene render targets to support 128x128 NumSamples 1 (Frame:1).
[2018.05.11-22.53.18:738][  1]LogRenderer: Reallocating scene render targets to support 2872x1616 NumSamples 1 (Frame:2).
[2018.05.11-22.54.05:009][844]LogSlate: Request Window 'TheVirtualRoom (64-bit, PCD3D_SM5)' being destroyed
[2018.05.11-22.54.05:036][844]LogSlate: Window 'TheVirtualRoom (64-bit, PCD3D_SM5)' being destroyed
[2018.05.11-22.54.05:036][844]LogWindowsTextInputMethodSystem:Display: IME system now deactivated.
[2018.05.11-22.54.05:037][844]LogSlate: HittestGrid destroyed
[2018.05.11-22.54.05:038][844]LogEngine: All Windows Closed
[2018.05.11-22.54.05:038][844]LogWindows: FPlatformMisc::RequestExit(0)
[2018.05.11-22.54.05:038][845]LogMoviePlayer: Shutting down movie player
[2018.05.11-22.54.05:270][845]LogSlate: HittestGrid destroyed
[2018.05.11-22.54.05:270][845]LogSlate: HittestGrid destroyed
[2018.05.11-22.54.05:271][845]LogSlate: HittestGrid destroyed
[2018.05.11-22.54.05:271][845]LogSlate: HittestGrid destroyed
[2018.05.11-22.54.05:271][845]LogSlate: HittestGrid destroyed
[2018.05.11-22.54.05:271][845]LogSlate: HittestGrid destroyed
[2018.05.11-22.54.05:271][845]LogSlate: HittestGrid destroyed
[2018.05.11-22.54.05:271][845]LogSlate: HittestGrid destroyed
[2018.05.11-22.54.05:271][845]LogSlate: HittestGrid destroyed
[2018.05.11-22.54.05:271][845]LogSlate: HittestGrid destroyed
[2018.05.11-22.54.05:271][845]LogSlate: HittestGrid destroyed
[2018.05.11-22.54.05:271][845]LogSlate: HittestGrid destroyed
[2018.05.11-22.54.05:271][845]LogSlate: HittestGrid destroyed
[2018.05.11-22.54.05:271][845]LogSlate: HittestGrid destroyed
[2018.05.11-22.54.05:271][845]LogSlate: HittestGrid destroyed
[2018.05.11-22.54.05:271][845]LogSlate: HittestGrid destroyed
[2018.05.11-22.54.05:271][845]LogSlate: HittestGrid destroyed
[2018.05.11-22.54.05:271][845]LogSlate: HittestGrid destroyed
[2018.05.11-22.54.05:271][845]LogSlate: HittestGrid destroyed
[2018.05.11-22.54.05:271][845]LogSlate: HittestGrid destroyed
[2018.05.11-22.54.05:271][845]LogSlate: HittestGrid destroyed
[2018.05.11-22.54.05:271][845]LogSlate: HittestGrid destroyed
[2018.05.11-22.54.05:271][845]LogSlate: HittestGrid destroyed
[2018.05.11-22.54.05:271][845]LogSlate: HittestGrid destroyed
[2018.05.11-22.54.05:271][845]LogSlate: HittestGrid destroyed
[2018.05.11-22.54.05:271][845]LogSlate: HittestGrid destroyed
[2018.05.11-22.54.05:271][845]LogSlate: HittestGrid destroyed
[2018.05.11-22.54.05:271][845]LogSlate: HittestGrid destroyed
[2018.05.11-22.54.05:271][845]LogSlate: HittestGrid destroyed
[2018.05.11-22.54.05:271][845]LogSlate: HittestGrid destroyed
[2018.05.11-22.54.05:271][845]LogSlate: HittestGrid destroyed
[2018.05.11-22.54.05:271][845]LogSlate: HittestGrid destroyed
[2018.05.11-22.54.05:271][845]LogSlate: HittestGrid destroyed
[2018.05.11-22.54.05:271][845]LogSlate: HittestGrid destroyed
[2018.05.11-22.54.05:271][845]LogSlate: HittestGrid destroyed
[2018.05.11-22.54.05:271][845]LogSlate: HittestGrid destroyed
[2018.05.11-22.54.05:271][845]LogSlate: HittestGrid destroyed
[2018.05.11-22.54.05:271][845]LogSlate: HittestGrid destroyed
[2018.05.11-22.54.05:271][845]LogSlate: HittestGrid destroyed
[2018.05.11-22.54.05:271][845]LogSlate: HittestGrid destroyed
[2018.05.11-22.54.05:271][845]LogSlate: HittestGrid destroyed
[2018.05.11-22.54.05:271][845]LogSlate: HittestGrid destroyed
[2018.05.11-22.54.05:271][845]LogSlate: HittestGrid destroyed
[2018.05.11-22.54.05:271][845]LogSlate: HittestGrid destroyed
[2018.05.11-22.54.05:271][845]LogSlate: HittestGrid destroyed
[2018.05.11-22.54.05:271][845]LogSlate: HittestGrid destroyed
[2018.05.11-22.54.05:271][845]LogSlate: HittestGrid destroyed
[2018.05.11-22.54.05:271][845]LogSlate: HittestGrid destroyed
[2018.05.11-22.54.05:271][845]LogSlate: HittestGrid destroyed
[2018.05.11-22.54.05:271][845]LogSlate: HittestGrid destroyed
[2018.05.11-22.54.05:271][845]LogSlate: HittestGrid destroyed
[2018.05.11-22.54.05:271][845]LogSlate: HittestGrid destroyed
[2018.05.11-22.54.05:271][845]LogSlate: HittestGrid destroyed
[2018.05.11-22.54.05:271][845]LogSlate: HittestGrid destroyed
[2018.05.11-22.54.05:271][845]LogSlate: HittestGrid destroyed
[2018.05.11-22.54.05:271][845]LogSlate: HittestGrid destroyed
[2018.05.11-22.54.05:271][845]LogSlate: HittestGrid destroyed
[2018.05.11-22.54.05:271][845]LogSlate: HittestGrid destroyed
[2018.05.11-22.54.05:271][845]LogSlate: HittestGrid destroyed
[2018.05.11-22.54.05:271][845]LogSlate: HittestGrid destroyed
[2018.05.11-22.54.05:271][845]LogSlate: HittestGrid destroyed
[2018.05.11-22.54.05:271][845]LogSlate: HittestGrid destroyed
[2018.05.11-22.54.05:287][845]LogExit: Preparing to exit.
[2018.05.11-22.54.05:347][845]LogExit: Game engine shut down
[2018.05.11-22.54.05:368][845]LogObj: Freed 32b from 1 cluster array pools.
[2018.05.11-22.54.05:368][845]LogExit: Object subsystem successfully closed.
[2018.05.11-22.54.05:397][845]LogD3D11RHI: Shutdown
[2018.05.11-22.54.05:397][845]LogD3D11RHI: CleanupD3DDevice
[2018.05.11-22.54.05:685][845]LogD3D11RHI: ~FD3D11DynamicRHI
[2018.05.11-22.54.05:689][845]LogHttp:Display: Http module shutting down, but needs to wait on 1 outstanding Http requests:
[2018.05.11-22.54.05:689][845]LogHttp:Display: 	verb=[POST] url=[https://datarouter.ol.epicgames.com/datarouter/api/v1/public/data?SessionID=%7BE25CFAAA-4C5F-7B3A-765E-6D979FD720A0%7D&AppID=UEGame.Rocket.Release%7CEB79A2054D4BC67A518B559E42EBFC69%7CVirtual%20Reality%20BP%20Game%20Template&AppVersion=4.14.3-3249277%2B%2B%2BUE4%2BRelease-4.14&UserID=ANON-%7BA129F422-4264-183F-DBF3-02B3B59D2123%7D%7C%7C&AppEnvironment=datacollector-binary&UploadType=eteventstream] status=Processing
[2018.05.11-22.54.05:689][845]LogHttp:Display: Sleeping 0.5s to wait for 1 outstanding Http requests.
[2018.05.11-22.54.06:190][845]LogHttp:Display: Sleeping 0.5s to wait for 1 outstanding Http requests.
[2018.05.11-22.54.06:690][845]LogHttp:Display: Sleeping 0.5s to wait for 1 outstanding Http requests.
[2018.05.11-22.54.07:208][845]LogModuleManager: Shutting down and abandoning module WebBrowser (70)
[2018.05.11-22.54.07:211][845]LogModuleManager: Shutting down and abandoning module AutomationController (69)
[2018.05.11-22.54.07:211][845]LogModuleManager: Shutting down and abandoning module AutomationWorker (68)
[2018.05.11-22.54.07:211][845]LogModuleManager: Shutting down and abandoning module GameplayDebugger (67)
[2018.05.11-22.54.07:212][845]LogModuleManager: Shutting down and abandoning module AIModule (66)
[2018.05.11-22.54.07:212][845]LogModuleManager: Shutting down and abandoning module CharacterAI (65)
[2018.05.11-22.54.07:212][845]LogModuleManager: Shutting down and abandoning module AndroidMediaFactory (64)
[2018.05.11-22.54.07:212][845]LogModuleManager: Shutting down and abandoning module AvfMediaFactory (63)
[2018.05.11-22.54.07:212][845]LogModuleManager: Shutting down and abandoning module Media (62)
[2018.05.11-22.54.07:212][845]LogModuleManager: Shutting down and abandoning module WmfMediaFactory (61)
[2018.05.11-22.54.07:212][845]LogModuleManager: Shutting down and abandoning module SessionServices (60)
[2018.05.11-22.54.07:212][845]LogModuleManager: Shutting down and abandoning module GeometryCache (59)
[2018.05.11-22.54.07:212][845]LogModuleManager: Shutting down and abandoning module Niagara (58)
[2018.05.11-22.54.07:212][845]LogModuleManager: Shutting down and abandoning module StreamingPauseRendering (57)
[2018.05.11-22.54.07:212][845]LogModuleManager: Shutting down and abandoning module AnalyticsET (56)
[2018.05.11-22.54.07:212][845]LogModuleManager: Shutting down and abandoning module ProfilerService (55)
[2018.05.11-22.54.07:243][845]LogModuleManager: Shutting down and abandoning module TaskGraph (54)
[2018.05.11-22.54.07:243][845]LogModuleManager: Shutting down and abandoning module HTML5Networking (53)
[2018.05.11-22.54.07:243][845]LogModuleManager: Shutting down and abandoning module ArchVisCharacter (51)
[2018.05.11-22.54.07:243][845]LogModuleManager: Shutting down and abandoning module CableComponent (50)
[2018.05.11-22.54.07:243][845]LogModuleManager: Shutting down and abandoning module CustomMeshComponent (49)
[2018.05.11-22.54.07:243][845]LogModuleManager: Shutting down and abandoning module MobilePatchingUtils (48)
[2018.05.11-22.54.07:243][845]LogModuleManager: Shutting down and abandoning module OculusInput (47)
[2018.05.11-22.54.07:243][845]LogModuleManager: Shutting down and abandoning module OculusLibrary (46)
[2018.05.11-22.54.07:243][845]LogModuleManager: Shutting down and abandoning module ProceduralMeshComponent (45)
[2018.05.11-22.54.07:243][845]LogModuleManager: Shutting down and abandoning module SteamVRController (44)
[2018.05.11-22.54.07:243][845]LogModuleManager: Shutting down and abandoning module SteamVR (43)
[2018.05.11-22.54.07:243][845]LogModuleManager: Shutting down and abandoning module SlateRemote (42)
[2018.05.11-22.54.07:243][845]LogModuleManager: Shutting down and abandoning module Paper2D (41)
[2018.05.11-22.54.07:243][845]LogModuleManager: Shutting down and abandoning module LightPropagationVolumeRuntime (40)
[2018.05.11-22.54.07:243][845]LogModuleManager: Shutting down and abandoning module TcpMessaging (39)
[2018.05.11-22.54.07:243][845]LogModuleManager: Shutting down and abandoning module UdpMessaging (38)
[2018.05.11-22.54.07:243][845]LogModuleManager: Shutting down and abandoning module WebBrowserWidget (37)
[2018.05.11-22.54.07:243][845]LogModuleManager: Shutting down and abandoning module WmfMedia (36)
[2018.05.11-22.54.07:243][845]LogModuleManager: Shutting down and abandoning module WindowsMoviePlayer (35)
[2018.05.11-22.54.07:244][845]LogModuleManager: Shutting down and abandoning module ImageWrapper (34)
[2018.05.11-22.54.07:244][845]LogModuleManager: Shutting down and abandoning module MediaAssets (33)
[2018.05.11-22.54.07:244][845]LogModuleManager: Shutting down and abandoning module GameLiveStreaming (32)
[2018.05.11-22.54.07:244][845]LogModuleManager: Shutting down and abandoning module UMG (31)
[2018.05.11-22.54.07:244][845]LogModuleManager: Shutting down and abandoning module SlateReflector (30)
[2018.05.11-22.54.07:244][845]LogModuleManager: Shutting down and abandoning module Slate (29)
[2018.05.11-22.54.07:244][845]LogModuleManager: Shutting down and abandoning module Messaging (28)
[2018.05.11-22.54.07:244][845]LogModuleManager: Shutting down and abandoning module HeadMountedDisplay (27)
[2018.05.11-22.54.07:244][845]LogModuleManager: Shutting down and abandoning module XAudio2 (26)
[2018.05.11-22.54.07:244][845]LogModuleManager: Shutting down and abandoning module Networking (24)
[2018.05.11-22.54.07:244][845]LogModuleManager: Shutting down and abandoning module Core (23)
[2018.05.11-22.54.07:244][845]LogModuleManager: Shutting down and abandoning module AssetRegistry (22)
[2018.05.11-22.54.07:244][845]LogModuleManager: Shutting down and abandoning module InputCore (21)
[2018.05.11-22.54.07:244][845]LogModuleManager: Shutting down and abandoning module OnlineSubsystem (20)
[2018.05.11-22.54.07:244][845]LogOnline:Display: Unloading online subsystem: NULL
[2018.05.11-22.54.07:244][845]LogModuleManager: Shutting down and abandoning module ExampleDeviceProfileSelector (18)
[2018.05.11-22.54.07:244][845]LogModuleManager: Shutting down and abandoning module OculusRift (17)
[2018.05.11-22.54.07:244][845]LogModuleManager: Shutting down and abandoning module SSL (16)
[2018.05.11-22.54.07:244][845]LogModuleManager: Shutting down and abandoning module HTTP (15)
[2018.05.11-22.54.07:244][845]LogModuleManager: Shutting down and abandoning module ShaderCore (13)
[2018.05.11-22.54.07:244][845]LogModuleManager: Shutting down and abandoning module Landscape (12)
[2018.05.11-22.54.07:244][845]LogModuleManager: Shutting down and abandoning module SlateRHIRenderer (11)
[2018.05.11-22.54.07:245][845]LogModuleManager: Shutting down and abandoning module OpenGLDrv (10)
[2018.05.11-22.54.07:245][845]LogModuleManager: Shutting down and abandoning module D3D11RHI (9)
[2018.05.11-22.54.07:245][845]LogModuleManager: Shutting down and abandoning module AnimGraphRuntime (8)
[2018.05.11-22.54.07:245][845]LogModuleManager: Shutting down and abandoning module Renderer (7)
[2018.05.11-22.54.07:245][845]LogModuleManager: Shutting down and abandoning module Engine (6)
[2018.05.11-22.54.07:245][845]LogModuleManager: Shutting down and abandoning module CoreUObject (5)
[2018.05.11-22.54.07:245][845]LogModuleManager: Shutting down and abandoning module NetworkFile (4)
[2018.05.11-22.54.07:245][845]LogModuleManager: Shutting down and abandoning module StreamingFile (3)
[2018.05.11-22.54.07:245][845]LogModuleManager: Shutting down and abandoning module SandboxFile (2)
[2018.05.11-22.54.07:245][845]LogModuleManager: Shutting down and abandoning module PakFile (1)
[2018.05.11-22.54.07:245][845]LogExit: Exiting.
[2018.05.11-22.54.07:246][845]Log file closed, 05/12/18 00:54:07
